07/06/2025 13:19:50 [Project.Server.Server] ([32mINFO[0m):
> Server Starting
07/06/2025 13:19:50 [Project.Server.Server] ([32mINFO[0m):
> [0;33mServer: Listening on port 3000[0m
07/06/2025 13:19:50 [Project.Server.Room] ([32mINFO[0m):
> [0;35mRoom[lobby]: Created[0m
07/06/2025 13:19:50 [Project.Server.Server] ([32mINFO[0m):
> [0;33mServer: Created new Room lobby[0m
07/06/2025 13:19:50 [Project.Server.Server] ([32mINFO[0m):
> [0;33mServer: Waiting for next client[0m
07/06/2025 13:20:47 [Project.Server.Server] ([32mINFO[0m):
> [0;33mServer: Client connected[0m
07/06/2025 13:20:47 [Project.Server.ServerThread] ([32mINFO[0m):
> [0;36mThread[-1]: ServerThread created[0m
07/06/2025 13:20:47 [Project.Server.Server] ([32mINFO[0m):
> [0;33mServer: Waiting for next client[0m
07/06/2025 13:20:47 [Project.Server.ServerThread] ([32mINFO[0m):
> [0;36mThread[-1]: Thread starting[0m
07/06/2025 13:20:47 [Project.Server.ServerThread] ([32mINFO[0m):
> [0;36mThread[-1]: Received from my client: Payload[CLIENT_CONNECT] Client Id [0] Message: [null] ClientName: [Mukaddis][0m
07/06/2025 13:20:47 [Project.Server.ServerThread] ([32mINFO[0m):
> [0;36mThread[1]: Sending to client: Payload[CLIENT_ID] Client Id [1] Message: [null] ClientName: [Mukaddis][0m
07/06/2025 13:20:47 [Project.Server.Server] ([32mINFO[0m):
> [0;33mServer: *Mukaddis#1 initialized*[0m
07/06/2025 13:20:47 [Project.Server.ServerThread] ([32mINFO[0m):
> [0;36mThread[1]: Sending to client: Payload[ROOM_JOIN] Client Id [-1] Message: [null] ClientName: [null][0m
07/06/2025 13:20:47 [Project.Server.ServerThread] ([32mINFO[0m):
> [0;36mThread[1]: Sending to client: Payload[ROOM_JOIN] Client Id [1] Message: [null] ClientName: [Mukaddis][0m
07/06/2025 13:20:47 [Project.Server.ServerThread] ([32mINFO[0m):
> [0;36mThread[1]: Sending to client: Payload[MESSAGE] Client Id [1] Message: [Room[lobby] You joined the room][0m
07/06/2025 13:20:47 [Project.Server.Server] ([32mINFO[0m):
> [0;33mServer: *Mukaddis#1 added to Lobby*[0m
07/06/2025 13:23:27 [Project.Server.ServerThread] ([32mINFO[0m):
> [0;36mThread[1]: Received from my client: Payload[ROOM_CREATE] Client Id [0] Message: [Test][0m
07/06/2025 13:23:27 [Project.Server.Room] ([32mINFO[0m):
> [0;35mRoom[Test]: Created[0m
07/06/2025 13:23:27 [Project.Server.Server] ([32mINFO[0m):
> [0;33mServer: Created new Room Test[0m
07/06/2025 13:23:27 [Project.Server.Server] ([32mINFO[0m):
> [0;33mServer: Removing client from previous Room lobby[0m
07/06/2025 13:23:27 [Project.Server.ServerThread] ([32mINFO[0m):
> [0;36mThread[1]: Sending to client: Payload[ROOM_LEAVE] Client Id [1] Message: [null] ClientName: [Mukaddis][0m
07/06/2025 13:23:27 [Project.Server.ServerThread] ([32mINFO[0m):
> [0;36mThread[1]: Sending to client: Payload[MESSAGE] Client Id [1] Message: [Room[lobby] You left the room][0m
07/06/2025 13:23:27 [Project.Server.ServerThread] ([32mINFO[0m):
> [0;36mThread[1]: Sending to client: Payload[ROOM_JOIN] Client Id [-1] Message: [null] ClientName: [null][0m
07/06/2025 13:23:27 [Project.Server.ServerThread] ([32mINFO[0m):
> [0;36mThread[1]: Sending to client: Payload[ROOM_JOIN] Client Id [1] Message: [null] ClientName: [Mukaddis][0m
07/06/2025 13:23:27 [Project.Server.ServerThread] ([32mINFO[0m):
> [0;36mThread[1]: Sending to client: Payload[MESSAGE] Client Id [1] Message: [Room[Test] You joined the room][0m
07/06/2025 13:23:55 [Project.Server.Server] ([32mINFO[0m):
> [0;33mServer: Client connected[0m
07/06/2025 13:23:55 [Project.Server.ServerThread] ([32mINFO[0m):
> [0;36mThread[-1]: ServerThread created[0m
07/06/2025 13:23:55 [Project.Server.Server] ([32mINFO[0m):
> [0;33mServer: Waiting for next client[0m
07/06/2025 13:23:55 [Project.Server.ServerThread] ([32mINFO[0m):
> [0;36mThread[-1]: Thread starting[0m
07/06/2025 13:23:55 [Project.Server.ServerThread] ([32mINFO[0m):
> [0;36mThread[-1]: Received from my client: Payload[CLIENT_CONNECT] Client Id [0] Message: [null] ClientName: [Caden][0m
07/06/2025 13:23:55 [Project.Server.ServerThread] ([32mINFO[0m):
> [0;36mThread[2]: Sending to client: Payload[CLIENT_ID] Client Id [2] Message: [null] ClientName: [Caden][0m
07/06/2025 13:23:55 [Project.Server.Server] ([32mINFO[0m):
> [0;33mServer: *Caden#2 initialized*[0m
07/06/2025 13:23:55 [Project.Server.ServerThread] ([32mINFO[0m):
> [0;36mThread[2]: Sending to client: Payload[ROOM_JOIN] Client Id [-1] Message: [null] ClientName: [null][0m
07/06/2025 13:23:55 [Project.Server.ServerThread] ([32mINFO[0m):
> [0;36mThread[2]: Sending to client: Payload[ROOM_JOIN] Client Id [2] Message: [null] ClientName: [Caden][0m
07/06/2025 13:23:55 [Project.Server.ServerThread] ([32mINFO[0m):
> [0;36mThread[2]: Sending to client: Payload[MESSAGE] Client Id [2] Message: [Room[lobby] You joined the room][0m
07/06/2025 13:23:55 [Project.Server.Server] ([32mINFO[0m):
> [0;33mServer: *Caden#2 added to Lobby*[0m
07/06/2025 13:24:04 [Project.Server.ServerThread] ([32mINFO[0m):
> [0;36mThread[2]: Received from my client: Payload[ROOM_JOIN] Client Id [0] Message: [test][0m
07/06/2025 13:24:04 [Project.Server.Server] ([32mINFO[0m):
> [0;33mServer: Removing client from previous Room lobby[0m
07/06/2025 13:24:04 [Project.Server.ServerThread] ([32mINFO[0m):
> [0;36mThread[2]: Sending to client: Payload[ROOM_LEAVE] Client Id [2] Message: [null] ClientName: [Caden][0m
07/06/2025 13:24:04 [Project.Server.ServerThread] ([32mINFO[0m):
> [0;36mThread[2]: Sending to client: Payload[MESSAGE] Client Id [2] Message: [Room[lobby] You left the room][0m
07/06/2025 13:24:04 [Project.Server.ServerThread] ([32mINFO[0m):
> [0;36mThread[2]: Sending to client: Payload[ROOM_JOIN] Client Id [-1] Message: [null] ClientName: [null][0m
07/06/2025 13:24:04 [Project.Server.ServerThread] ([32mINFO[0m):
> [0;36mThread[2]: Sending to client: Payload[SYNC_CLIENT] Client Id [1] Message: [null] ClientName: [Mukaddis][0m
07/06/2025 13:24:04 [Project.Server.ServerThread] ([32mINFO[0m):
> [0;36mThread[1]: Sending to client: Payload[ROOM_JOIN] Client Id [2] Message: [null] ClientName: [Caden][0m
07/06/2025 13:24:04 [Project.Server.ServerThread] ([32mINFO[0m):
> [0;36mThread[1]: Sending to client: Payload[MESSAGE] Client Id [2] Message: [Room[Test] Caden#2 joined the room][0m
07/06/2025 13:24:04 [Project.Server.ServerThread] ([32mINFO[0m):
> [0;36mThread[2]: Sending to client: Payload[ROOM_JOIN] Client Id [2] Message: [null] ClientName: [Caden][0m
07/06/2025 13:24:04 [Project.Server.ServerThread] ([32mINFO[0m):
> [0;36mThread[2]: Sending to client: Payload[MESSAGE] Client Id [2] Message: [Room[Test] You joined the room][0m
07/06/2025 13:24:19 [Project.Server.ServerThread] ([32mINFO[0m):
> [0;36mThread[2]: Received from my client: Payload[ROOM_LIST] Client Id [0] Message: [][0m
07/06/2025 13:24:19 [Project.Server.ServerThread] ([32mINFO[0m):
> [0;36mThread[2]: Sending to client: Payload[ROOM_LIST] Client Id [0] Message: [null]Rooms [Test,lobby][0m
07/06/2025 13:25:24 [Project.Server.Server] ([32mINFO[0m):
> Server Starting
07/06/2025 13:25:24 [Project.Server.Server] ([32mINFO[0m):
> [0;33mServer: Listening on port 3000[0m
07/06/2025 13:25:24 [Project.Server.Room] ([32mINFO[0m):
> [0;35mRoom[lobby]: Created[0m
07/06/2025 13:25:24 [Project.Server.Server] ([32mINFO[0m):
> [0;33mServer: Created new Room lobby[0m
07/06/2025 13:25:24 [Project.Server.Server] ([32mINFO[0m):
> [0;33mServer: Waiting for next client[0m
07/06/2025 13:31:43 [Project.Server.Server] ([32mINFO[0m):
> [0;33mServer: Client connected[0m
07/06/2025 13:31:43 [Project.Server.ServerThread] ([32mINFO[0m):
> [0;36mThread[-1]: ServerThread created[0m
07/06/2025 13:31:43 [Project.Server.Server] ([32mINFO[0m):
> [0;33mServer: Waiting for next client[0m
07/06/2025 13:31:43 [Project.Server.ServerThread] ([32mINFO[0m):
> [0;36mThread[-1]: Thread starting[0m
07/06/2025 13:31:43 [Project.Server.ServerThread] ([32mINFO[0m):
> [0;36mThread[-1]: Received from my client: Payload[CLIENT_CONNECT] Client Id [0] Message: [null] ClientName: [Mukaddis][0m
07/06/2025 13:31:43 [Project.Server.ServerThread] ([32mINFO[0m):
> [0;36mThread[1]: Sending to client: Payload[CLIENT_ID] Client Id [1] Message: [null] ClientName: [Mukaddis][0m
07/06/2025 13:31:43 [Project.Server.Server] ([32mINFO[0m):
> [0;33mServer: *Mukaddis#1 initialized*[0m
07/06/2025 13:31:43 [Project.Server.ServerThread] ([32mINFO[0m):
> [0;36mThread[1]: Sending to client: Payload[ROOM_JOIN] Client Id [-1] Message: [null] ClientName: [null][0m
07/06/2025 13:31:43 [Project.Server.ServerThread] ([32mINFO[0m):
> [0;36mThread[1]: Sending to client: Payload[ROOM_JOIN] Client Id [1] Message: [null] ClientName: [Mukaddis][0m
07/06/2025 13:31:43 [Project.Server.ServerThread] ([32mINFO[0m):
> [0;36mThread[1]: Sending to client: Payload[MESSAGE] Client Id [1] Message: [Room[lobby] You joined the room][0m
07/06/2025 13:31:43 [Project.Server.Server] ([32mINFO[0m):
> [0;33mServer: *Mukaddis#1 added to Lobby*[0m
07/06/2025 13:32:13 [Project.Server.Server] ([32mINFO[0m):
> [0;33mServer: Client connected[0m
07/06/2025 13:32:13 [Project.Server.ServerThread] ([32mINFO[0m):
> [0;36mThread[-1]: ServerThread created[0m
07/06/2025 13:32:13 [Project.Server.Server] ([32mINFO[0m):
> [0;33mServer: Waiting for next client[0m
07/06/2025 13:32:13 [Project.Server.ServerThread] ([32mINFO[0m):
> [0;36mThread[-1]: Thread starting[0m
07/06/2025 13:32:13 [Project.Server.ServerThread] ([32mINFO[0m):
> [0;36mThread[-1]: Received from my client: Payload[CLIENT_CONNECT] Client Id [0] Message: [null] ClientName: [JAMES][0m
07/06/2025 13:32:13 [Project.Server.ServerThread] ([32mINFO[0m):
> [0;36mThread[2]: Sending to client: Payload[CLIENT_ID] Client Id [2] Message: [null] ClientName: [JAMES][0m
07/06/2025 13:32:13 [Project.Server.Server] ([32mINFO[0m):
> [0;33mServer: *JAMES#2 initialized*[0m
07/06/2025 13:32:13 [Project.Server.ServerThread] ([32mINFO[0m):
> [0;36mThread[2]: Sending to client: Payload[ROOM_JOIN] Client Id [-1] Message: [null] ClientName: [null][0m
07/06/2025 13:32:13 [Project.Server.ServerThread] ([32mINFO[0m):
> [0;36mThread[2]: Sending to client: Payload[SYNC_CLIENT] Client Id [1] Message: [null] ClientName: [Mukaddis][0m
07/06/2025 13:32:13 [Project.Server.ServerThread] ([32mINFO[0m):
> [0;36mThread[1]: Sending to client: Payload[ROOM_JOIN] Client Id [2] Message: [null] ClientName: [JAMES][0m
07/06/2025 13:32:13 [Project.Server.ServerThread] ([32mINFO[0m):
> [0;36mThread[1]: Sending to client: Payload[MESSAGE] Client Id [2] Message: [Room[lobby] JAMES#2 joined the room][0m
07/06/2025 13:32:13 [Project.Server.ServerThread] ([32mINFO[0m):
> [0;36mThread[2]: Sending to client: Payload[ROOM_JOIN] Client Id [2] Message: [null] ClientName: [JAMES][0m
07/06/2025 13:32:13 [Project.Server.ServerThread] ([32mINFO[0m):
> [0;36mThread[2]: Sending to client: Payload[MESSAGE] Client Id [2] Message: [Room[lobby] You joined the room][0m
07/06/2025 13:32:13 [Project.Server.Server] ([32mINFO[0m):
> [0;33mServer: *JAMES#2 added to Lobby*[0m
07/06/2025 13:32:42 [Project.Server.Server] ([32mINFO[0m):
> [0;33mServer: Client connected[0m
07/06/2025 13:32:42 [Project.Server.ServerThread] ([32mINFO[0m):
> [0;36mThread[-1]: ServerThread created[0m
07/06/2025 13:32:42 [Project.Server.Server] ([32mINFO[0m):
> [0;33mServer: Waiting for next client[0m
07/06/2025 13:32:42 [Project.Server.ServerThread] ([32mINFO[0m):
> [0;36mThread[-1]: Thread starting[0m
07/06/2025 13:32:42 [Project.Server.ServerThread] ([32mINFO[0m):
> [0;36mThread[-1]: Received from my client: Payload[CLIENT_CONNECT] Client Id [0] Message: [null] ClientName: [Tobi][0m
07/06/2025 13:32:42 [Project.Server.ServerThread] ([32mINFO[0m):
> [0;36mThread[3]: Sending to client: Payload[CLIENT_ID] Client Id [3] Message: [null] ClientName: [Tobi][0m
07/06/2025 13:32:42 [Project.Server.Server] ([32mINFO[0m):
> [0;33mServer: *Tobi#3 initialized*[0m
07/06/2025 13:32:42 [Project.Server.ServerThread] ([32mINFO[0m):
> [0;36mThread[3]: Sending to client: Payload[ROOM_JOIN] Client Id [-1] Message: [null] ClientName: [null][0m
07/06/2025 13:32:42 [Project.Server.ServerThread] ([32mINFO[0m):
> [0;36mThread[3]: Sending to client: Payload[SYNC_CLIENT] Client Id [1] Message: [null] ClientName: [Mukaddis][0m
07/06/2025 13:32:42 [Project.Server.ServerThread] ([32mINFO[0m):
> [0;36mThread[3]: Sending to client: Payload[SYNC_CLIENT] Client Id [2] Message: [null] ClientName: [JAMES][0m
07/06/2025 13:32:42 [Project.Server.ServerThread] ([32mINFO[0m):
> [0;36mThread[1]: Sending to client: Payload[ROOM_JOIN] Client Id [3] Message: [null] ClientName: [Tobi][0m
07/06/2025 13:32:42 [Project.Server.ServerThread] ([32mINFO[0m):
> [0;36mThread[1]: Sending to client: Payload[MESSAGE] Client Id [3] Message: [Room[lobby] Tobi#3 joined the room][0m
07/06/2025 13:32:42 [Project.Server.ServerThread] ([32mINFO[0m):
> [0;36mThread[2]: Sending to client: Payload[ROOM_JOIN] Client Id [3] Message: [null] ClientName: [Tobi][0m
07/06/2025 13:32:42 [Project.Server.ServerThread] ([32mINFO[0m):
> [0;36mThread[2]: Sending to client: Payload[MESSAGE] Client Id [3] Message: [Room[lobby] Tobi#3 joined the room][0m
07/06/2025 13:32:42 [Project.Server.ServerThread] ([32mINFO[0m):
> [0;36mThread[3]: Sending to client: Payload[ROOM_JOIN] Client Id [3] Message: [null] ClientName: [Tobi][0m
07/06/2025 13:32:42 [Project.Server.ServerThread] ([32mINFO[0m):
> [0;36mThread[3]: Sending to client: Payload[MESSAGE] Client Id [3] Message: [Room[lobby] You joined the room][0m
07/06/2025 13:32:42 [Project.Server.Server] ([32mINFO[0m):
> [0;33mServer: *Tobi#3 added to Lobby*[0m
07/06/2025 13:48:36 [Project.Server.ServerThread] ([32mINFO[0m):
> [0;36mThread[3]: Received from my client: Payload[MESSAGE] Client Id [0] Message: [/create Friends][0m
07/06/2025 13:48:36 [Project.Server.Room] ([32mINFO[0m):
> [0;35mRoom[lobby]: sending message to 3 recipients: Tobi#3: /create Friends[0m
07/06/2025 13:48:36 [Project.Server.ServerThread] ([32mINFO[0m):
> [0;36mThread[1]: Sending to client: Payload[MESSAGE] Client Id [3] Message: [Tobi#3: /create Friends][0m
07/06/2025 13:48:36 [Project.Server.ServerThread] ([32mINFO[0m):
> [0;36mThread[2]: Sending to client: Payload[MESSAGE] Client Id [3] Message: [Tobi#3: /create Friends][0m
07/06/2025 13:48:36 [Project.Server.ServerThread] ([32mINFO[0m):
> [0;36mThread[3]: Sending to client: Payload[MESSAGE] Client Id [3] Message: [Tobi#3: /create Friends][0m
07/06/2025 13:48:44 [Project.Server.ServerThread] ([32mINFO[0m):
> [0;36mThread[3]: Received from my client: Payload[ROOM_CREATE] Client Id [0] Message: [friends][0m
07/06/2025 13:48:44 [Project.Server.Room] ([32mINFO[0m):
> [0;35mRoom[friends]: Created[0m
07/06/2025 13:48:44 [Project.Server.Server] ([32mINFO[0m):
> [0;33mServer: Created new Room friends[0m
07/06/2025 13:48:44 [Project.Server.Server] ([32mINFO[0m):
> [0;33mServer: Removing client from previous Room lobby[0m
07/06/2025 13:48:44 [Project.Server.ServerThread] ([32mINFO[0m):
> [0;36mThread[1]: Sending to client: Payload[ROOM_LEAVE] Client Id [3] Message: [null] ClientName: [Tobi][0m
07/06/2025 13:48:44 [Project.Server.ServerThread] ([32mINFO[0m):
> [0;36mThread[1]: Sending to client: Payload[MESSAGE] Client Id [3] Message: [Room[lobby] Tobi#3 left the room][0m
07/06/2025 13:48:44 [Project.Server.ServerThread] ([32mINFO[0m):
> [0;36mThread[2]: Sending to client: Payload[ROOM_LEAVE] Client Id [3] Message: [null] ClientName: [Tobi][0m
07/06/2025 13:48:44 [Project.Server.ServerThread] ([32mINFO[0m):
> [0;36mThread[2]: Sending to client: Payload[MESSAGE] Client Id [3] Message: [Room[lobby] Tobi#3 left the room][0m
07/06/2025 13:48:44 [Project.Server.ServerThread] ([32mINFO[0m):
> [0;36mThread[3]: Sending to client: Payload[ROOM_LEAVE] Client Id [3] Message: [null] ClientName: [Tobi][0m
07/06/2025 13:48:44 [Project.Server.ServerThread] ([32mINFO[0m):
> [0;36mThread[3]: Sending to client: Payload[MESSAGE] Client Id [3] Message: [Room[lobby] You left the room][0m
07/06/2025 13:48:44 [Project.Server.ServerThread] ([32mINFO[0m):
> [0;36mThread[3]: Sending to client: Payload[ROOM_JOIN] Client Id [-1] Message: [null] ClientName: [null][0m
07/06/2025 13:48:44 [Project.Server.ServerThread] ([32mINFO[0m):
> [0;36mThread[3]: Sending to client: Payload[ROOM_JOIN] Client Id [3] Message: [null] ClientName: [Tobi][0m
07/06/2025 13:48:44 [Project.Server.ServerThread] ([32mINFO[0m):
> [0;36mThread[3]: Sending to client: Payload[MESSAGE] Client Id [3] Message: [Room[friends] You joined the room][0m
07/06/2025 13:49:23 [Project.Server.ServerThread] ([32mINFO[0m):
> [0;36mThread[2]: Received from my client: Payload[ROOM_JOIN] Client Id [0] Message: [friends][0m
07/06/2025 13:49:23 [Project.Server.Server] ([32mINFO[0m):
> [0;33mServer: Removing client from previous Room lobby[0m
07/06/2025 13:49:23 [Project.Server.ServerThread] ([32mINFO[0m):
> [0;36mThread[1]: Sending to client: Payload[ROOM_LEAVE] Client Id [2] Message: [null] ClientName: [JAMES][0m
07/06/2025 13:49:23 [Project.Server.ServerThread] ([32mINFO[0m):
> [0;36mThread[1]: Sending to client: Payload[MESSAGE] Client Id [2] Message: [Room[lobby] JAMES#2 left the room][0m
07/06/2025 13:49:23 [Project.Server.ServerThread] ([32mINFO[0m):
> [0;36mThread[2]: Sending to client: Payload[ROOM_LEAVE] Client Id [2] Message: [null] ClientName: [JAMES][0m
07/06/2025 13:49:23 [Project.Server.ServerThread] ([32mINFO[0m):
> [0;36mThread[2]: Sending to client: Payload[MESSAGE] Client Id [2] Message: [Room[lobby] You left the room][0m
07/06/2025 13:49:23 [Project.Server.ServerThread] ([32mINFO[0m):
> [0;36mThread[2]: Sending to client: Payload[ROOM_JOIN] Client Id [-1] Message: [null] ClientName: [null][0m
07/06/2025 13:49:23 [Project.Server.ServerThread] ([32mINFO[0m):
> [0;36mThread[2]: Sending to client: Payload[SYNC_CLIENT] Client Id [3] Message: [null] ClientName: [Tobi][0m
07/06/2025 13:49:23 [Project.Server.ServerThread] ([32mINFO[0m):
> [0;36mThread[2]: Sending to client: Payload[ROOM_JOIN] Client Id [2] Message: [null] ClientName: [JAMES][0m
07/06/2025 13:49:23 [Project.Server.ServerThread] ([32mINFO[0m):
> [0;36mThread[2]: Sending to client: Payload[MESSAGE] Client Id [2] Message: [Room[friends] You joined the room][0m
07/06/2025 13:49:23 [Project.Server.ServerThread] ([32mINFO[0m):
> [0;36mThread[3]: Sending to client: Payload[ROOM_JOIN] Client Id [2] Message: [null] ClientName: [JAMES][0m
07/06/2025 13:49:23 [Project.Server.ServerThread] ([32mINFO[0m):
> [0;36mThread[3]: Sending to client: Payload[MESSAGE] Client Id [2] Message: [Room[friends] JAMES#2 joined the room][0m
07/06/2025 13:49:49 [Project.Server.ServerThread] ([32mINFO[0m):
> [0;36mThread[2]: Received from my client: Payload[MESSAGE] Client Id [0] Message: [/listroom][0m
07/06/2025 13:49:49 [Project.Server.Room] ([32mINFO[0m):
> [0;35mRoom[friends]: sending message to 2 recipients: JAMES#2: /listroom[0m
07/06/2025 13:49:49 [Project.Server.ServerThread] ([32mINFO[0m):
> [0;36mThread[2]: Sending to client: Payload[MESSAGE] Client Id [2] Message: [JAMES#2: /listroom][0m
07/06/2025 13:49:49 [Project.Server.ServerThread] ([32mINFO[0m):
> [0;36mThread[3]: Sending to client: Payload[MESSAGE] Client Id [2] Message: [JAMES#2: /listroom][0m
07/06/2025 13:49:51 [Project.Server.ServerThread] ([32mINFO[0m):
> [0;36mThread[2]: Received from my client: Payload[ROOM_LIST] Client Id [0] Message: [][0m
07/06/2025 13:49:51 [Project.Server.ServerThread] ([32mINFO[0m):
> [0;36mThread[2]: Sending to client: Payload[ROOM_LIST] Client Id [0] Message: [null]Rooms [friends,lobby][0m
07/06/2025 13:55:52 [Project.Server.ServerThread] ([32mINFO[0m):
> [0;36mThread[3]: Received from my client: Payload[MESSAGE] Client Id [0] Message: [/removeroom friends][0m
07/06/2025 13:55:52 [Project.Server.Room] ([32mINFO[0m):
> [0;35mRoom[friends]: sending message to 2 recipients: Tobi#3: /removeroom friends[0m
07/06/2025 13:55:52 [Project.Server.ServerThread] ([32mINFO[0m):
> [0;36mThread[2]: Sending to client: Payload[MESSAGE] Client Id [3] Message: [Tobi#3: /removeroom friends][0m
07/06/2025 13:55:52 [Project.Server.ServerThread] ([32mINFO[0m):
> [0;36mThread[3]: Sending to client: Payload[MESSAGE] Client Id [3] Message: [Tobi#3: /removeroom friends][0m
07/06/2025 13:56:00 [Project.Server.ServerThread] ([32mINFO[0m):
> [0;36mThread[3]: Received from my client: Payload[MESSAGE] Client Id [0] Message: [/removeRoom friend][0m
07/06/2025 13:56:00 [Project.Server.Room] ([32mINFO[0m):
> [0;35mRoom[friends]: sending message to 2 recipients: Tobi#3: /removeRoom friend[0m
07/06/2025 13:56:00 [Project.Server.ServerThread] ([32mINFO[0m):
> [0;36mThread[2]: Sending to client: Payload[MESSAGE] Client Id [3] Message: [Tobi#3: /removeRoom friend][0m
07/06/2025 13:56:00 [Project.Server.ServerThread] ([32mINFO[0m):
> [0;36mThread[3]: Sending to client: Payload[MESSAGE] Client Id [3] Message: [Tobi#3: /removeRoom friend][0m
07/06/2025 13:56:02 [Project.Server.ServerThread] ([32mINFO[0m):
> [0;36mThread[3]: Received from my client: Payload[MESSAGE] Client Id [0] Message: [/removeRoom friends][0m
07/06/2025 13:56:02 [Project.Server.Room] ([32mINFO[0m):
> [0;35mRoom[friends]: sending message to 2 recipients: Tobi#3: /removeRoom friends[0m
07/06/2025 13:56:02 [Project.Server.ServerThread] ([32mINFO[0m):
> [0;36mThread[2]: Sending to client: Payload[MESSAGE] Client Id [3] Message: [Tobi#3: /removeRoom friends][0m
07/06/2025 13:56:02 [Project.Server.ServerThread] ([32mINFO[0m):
> [0;36mThread[3]: Sending to client: Payload[MESSAGE] Client Id [3] Message: [Tobi#3: /removeRoom friends][0m
07/06/2025 13:56:05 [Project.Server.ServerThread] ([32mINFO[0m):
> [0;36mThread[3]: Received from my client: Payload[MESSAGE] Client Id [0] Message: [/removeRoom Friends][0m
07/06/2025 13:56:05 [Project.Server.Room] ([32mINFO[0m):
> [0;35mRoom[friends]: sending message to 2 recipients: Tobi#3: /removeRoom Friends[0m
07/06/2025 13:56:05 [Project.Server.ServerThread] ([32mINFO[0m):
> [0;36mThread[2]: Sending to client: Payload[MESSAGE] Client Id [3] Message: [Tobi#3: /removeRoom Friends][0m
07/06/2025 13:56:05 [Project.Server.ServerThread] ([32mINFO[0m):
> [0;36mThread[3]: Sending to client: Payload[MESSAGE] Client Id [3] Message: [Tobi#3: /removeRoom Friends][0m
07/06/2025 13:56:07 [Project.Server.ServerThread] ([32mINFO[0m):
> [0;36mThread[3]: Received from my client: Payload[ROOM_LIST] Client Id [0] Message: [][0m
07/06/2025 13:56:07 [Project.Server.ServerThread] ([32mINFO[0m):
> [0;36mThread[3]: Sending to client: Payload[ROOM_LIST] Client Id [0] Message: [null]Rooms [friends,lobby][0m
07/06/2025 14:05:29 [Project.Server.Server] ([32mINFO[0m):
> Server Starting
07/06/2025 14:05:29 [Project.Server.Server] ([32mINFO[0m):
> [0;33mServer: Listening on port 3000[0m
07/06/2025 14:05:29 [Project.Server.Room] ([32mINFO[0m):
> [0;35mRoom[lobby]: Created[0m
07/06/2025 14:05:29 [Project.Server.Server] ([32mINFO[0m):
> [0;33mServer: Created new Room lobby[0m
07/06/2025 14:05:29 [Project.Server.Server] ([32mINFO[0m):
> [0;33mServer: Waiting for next client[0m
07/06/2025 14:05:51 [Project.Server.Server] ([32mINFO[0m):
> [0;33mServer: Client connected[0m
07/06/2025 14:05:51 [Project.Server.ServerThread] ([32mINFO[0m):
> [0;36mThread[-1]: ServerThread created[0m
07/06/2025 14:05:51 [Project.Server.Server] ([32mINFO[0m):
> [0;33mServer: Waiting for next client[0m
07/06/2025 14:05:51 [Project.Server.ServerThread] ([32mINFO[0m):
> [0;36mThread[-1]: Thread starting[0m
07/06/2025 14:05:51 [Project.Server.ServerThread] ([32mINFO[0m):
> [0;36mThread[-1]: Received from my client: Payload[CLIENT_CONNECT] Client Id [0] Message: [null] ClientName: [Mukaddis][0m
07/06/2025 14:05:51 [Project.Server.ServerThread] ([32mINFO[0m):
> [0;36mThread[1]: Sending to client: Payload[CLIENT_ID] Client Id [1] Message: [null] ClientName: [Mukaddis][0m
07/06/2025 14:05:51 [Project.Server.Server] ([32mINFO[0m):
> [0;33mServer: *Mukaddis#1 initialized*[0m
07/06/2025 14:05:51 [Project.Server.ServerThread] ([32mINFO[0m):
> [0;36mThread[1]: Sending to client: Payload[ROOM_JOIN] Client Id [-1] Message: [null] ClientName: [null][0m
07/06/2025 14:05:51 [Project.Server.ServerThread] ([32mINFO[0m):
> [0;36mThread[1]: Sending to client: Payload[ROOM_JOIN] Client Id [1] Message: [null] ClientName: [Mukaddis][0m
07/06/2025 14:05:51 [Project.Server.ServerThread] ([32mINFO[0m):
> [0;36mThread[1]: Sending to client: Payload[MESSAGE] Client Id [1] Message: [Room[lobby] You joined the room][0m
07/06/2025 14:05:51 [Project.Server.Server] ([32mINFO[0m):
> [0;33mServer: *Mukaddis#1 added to Lobby*[0m
07/06/2025 14:06:34 [Project.Server.Server] ([32mINFO[0m):
> [0;33mServer: Client connected[0m
07/06/2025 14:06:34 [Project.Server.ServerThread] ([32mINFO[0m):
> [0;36mThread[-1]: ServerThread created[0m
07/06/2025 14:06:34 [Project.Server.Server] ([32mINFO[0m):
> [0;33mServer: Waiting for next client[0m
07/06/2025 14:06:34 [Project.Server.ServerThread] ([32mINFO[0m):
> [0;36mThread[-1]: Thread starting[0m
07/06/2025 14:06:34 [Project.Server.ServerThread] ([32mINFO[0m):
> [0;36mThread[-1]: Received from my client: Payload[CLIENT_CONNECT] Client Id [0] Message: [null] ClientName: [Robert][0m
07/06/2025 14:06:34 [Project.Server.ServerThread] ([32mINFO[0m):
> [0;36mThread[2]: Sending to client: Payload[CLIENT_ID] Client Id [2] Message: [null] ClientName: [Robert][0m
07/06/2025 14:06:34 [Project.Server.Server] ([32mINFO[0m):
> [0;33mServer: *Robert#2 initialized*[0m
07/06/2025 14:06:34 [Project.Server.ServerThread] ([32mINFO[0m):
> [0;36mThread[2]: Sending to client: Payload[ROOM_JOIN] Client Id [-1] Message: [null] ClientName: [null][0m
07/06/2025 14:06:34 [Project.Server.ServerThread] ([32mINFO[0m):
> [0;36mThread[2]: Sending to client: Payload[SYNC_CLIENT] Client Id [1] Message: [null] ClientName: [Mukaddis][0m
07/06/2025 14:06:34 [Project.Server.ServerThread] ([32mINFO[0m):
> [0;36mThread[1]: Sending to client: Payload[ROOM_JOIN] Client Id [2] Message: [null] ClientName: [Robert][0m
07/06/2025 14:06:34 [Project.Server.ServerThread] ([32mINFO[0m):
> [0;36mThread[1]: Sending to client: Payload[MESSAGE] Client Id [2] Message: [Room[lobby] Robert#2 joined the room][0m
07/06/2025 14:06:34 [Project.Server.ServerThread] ([32mINFO[0m):
> [0;36mThread[2]: Sending to client: Payload[ROOM_JOIN] Client Id [2] Message: [null] ClientName: [Robert][0m
07/06/2025 14:06:34 [Project.Server.ServerThread] ([32mINFO[0m):
> [0;36mThread[2]: Sending to client: Payload[MESSAGE] Client Id [2] Message: [Room[lobby] You joined the room][0m
07/06/2025 14:06:34 [Project.Server.Server] ([32mINFO[0m):
> [0;33mServer: *Robert#2 added to Lobby*[0m
07/06/2025 14:06:58 [Project.Server.Server] ([32mINFO[0m):
> [0;33mServer: Client connected[0m
07/06/2025 14:06:58 [Project.Server.ServerThread] ([32mINFO[0m):
> [0;36mThread[-1]: ServerThread created[0m
07/06/2025 14:06:58 [Project.Server.Server] ([32mINFO[0m):
> [0;33mServer: Waiting for next client[0m
07/06/2025 14:06:58 [Project.Server.ServerThread] ([32mINFO[0m):
> [0;36mThread[-1]: Thread starting[0m
07/06/2025 14:06:58 [Project.Server.ServerThread] ([32mINFO[0m):
> [0;36mThread[-1]: Received from my client: Payload[CLIENT_CONNECT] Client Id [0] Message: [null] ClientName: [Johnathan][0m
07/06/2025 14:06:58 [Project.Server.ServerThread] ([32mINFO[0m):
> [0;36mThread[3]: Sending to client: Payload[CLIENT_ID] Client Id [3] Message: [null] ClientName: [Johnathan][0m
07/06/2025 14:06:58 [Project.Server.Server] ([32mINFO[0m):
> [0;33mServer: *Johnathan#3 initialized*[0m
07/06/2025 14:06:58 [Project.Server.ServerThread] ([32mINFO[0m):
> [0;36mThread[3]: Sending to client: Payload[ROOM_JOIN] Client Id [-1] Message: [null] ClientName: [null][0m
07/06/2025 14:06:58 [Project.Server.ServerThread] ([32mINFO[0m):
> [0;36mThread[3]: Sending to client: Payload[SYNC_CLIENT] Client Id [1] Message: [null] ClientName: [Mukaddis][0m
07/06/2025 14:06:58 [Project.Server.ServerThread] ([32mINFO[0m):
> [0;36mThread[3]: Sending to client: Payload[SYNC_CLIENT] Client Id [2] Message: [null] ClientName: [Robert][0m
07/06/2025 14:06:58 [Project.Server.ServerThread] ([32mINFO[0m):
> [0;36mThread[1]: Sending to client: Payload[ROOM_JOIN] Client Id [3] Message: [null] ClientName: [Johnathan][0m
07/06/2025 14:06:58 [Project.Server.ServerThread] ([32mINFO[0m):
> [0;36mThread[1]: Sending to client: Payload[MESSAGE] Client Id [3] Message: [Room[lobby] Johnathan#3 joined the room][0m
07/06/2025 14:06:58 [Project.Server.ServerThread] ([32mINFO[0m):
> [0;36mThread[2]: Sending to client: Payload[ROOM_JOIN] Client Id [3] Message: [null] ClientName: [Johnathan][0m
07/06/2025 14:06:58 [Project.Server.ServerThread] ([32mINFO[0m):
> [0;36mThread[2]: Sending to client: Payload[MESSAGE] Client Id [3] Message: [Room[lobby] Johnathan#3 joined the room][0m
07/06/2025 14:06:58 [Project.Server.ServerThread] ([32mINFO[0m):
> [0;36mThread[3]: Sending to client: Payload[ROOM_JOIN] Client Id [3] Message: [null] ClientName: [Johnathan][0m
07/06/2025 14:06:58 [Project.Server.ServerThread] ([32mINFO[0m):
> [0;36mThread[3]: Sending to client: Payload[MESSAGE] Client Id [3] Message: [Room[lobby] You joined the room][0m
07/06/2025 14:06:58 [Project.Server.Server] ([32mINFO[0m):
> [0;33mServer: *Johnathan#3 added to Lobby*[0m
07/06/2025 14:19:31 [Project.Server.ServerThread] ([32mINFO[0m):
> [0;36mThread[3]: Received from my client: Payload[MESSAGE] Client Id [0] Message: [/listroom][0m
07/06/2025 14:19:31 [Project.Server.Room] ([32mINFO[0m):
> [0;35mRoom[lobby]: sending message to 3 recipients: Johnathan#3: /listroom[0m
07/06/2025 14:19:31 [Project.Server.ServerThread] ([32mINFO[0m):
> [0;36mThread[1]: Sending to client: Payload[MESSAGE] Client Id [3] Message: [Johnathan#3: /listroom][0m
07/06/2025 14:19:31 [Project.Server.ServerThread] ([32mINFO[0m):
> [0;36mThread[2]: Sending to client: Payload[MESSAGE] Client Id [3] Message: [Johnathan#3: /listroom][0m
07/06/2025 14:19:31 [Project.Server.ServerThread] ([32mINFO[0m):
> [0;36mThread[3]: Sending to client: Payload[MESSAGE] Client Id [3] Message: [Johnathan#3: /listroom][0m
07/06/2025 14:19:33 [Project.Server.ServerThread] ([32mINFO[0m):
> [0;36mThread[3]: Received from my client: Payload[ROOM_LIST] Client Id [0] Message: [][0m
07/06/2025 14:19:33 [Project.Server.ServerThread] ([32mINFO[0m):
> [0;36mThread[3]: Sending to client: Payload[ROOM_LIST] Client Id [0] Message: [null]Rooms [lobby][0m
07/06/2025 14:19:41 [Project.Server.ServerThread] ([32mINFO[0m):
> [0;36mThread[3]: Received from my client: Payload[ROOM_CREATE] Client Id [0] Message: [FriendlyFriends][0m
07/06/2025 14:19:41 [Project.Server.Room] ([32mINFO[0m):
> [0;35mRoom[FriendlyFriends]: Created[0m
07/06/2025 14:19:41 [Project.Server.Server] ([32mINFO[0m):
> [0;33mServer: Created new Room FriendlyFriends[0m
07/06/2025 14:19:41 [Project.Server.Server] ([32mINFO[0m):
> [0;33mServer: Removing client from previous Room lobby[0m
07/06/2025 14:19:41 [Project.Server.ServerThread] ([32mINFO[0m):
> [0;36mThread[1]: Sending to client: Payload[ROOM_LEAVE] Client Id [3] Message: [null] ClientName: [Johnathan][0m
07/06/2025 14:19:41 [Project.Server.ServerThread] ([32mINFO[0m):
> [0;36mThread[1]: Sending to client: Payload[MESSAGE] Client Id [3] Message: [Room[lobby] Johnathan#3 left the room][0m
07/06/2025 14:19:41 [Project.Server.ServerThread] ([32mINFO[0m):
> [0;36mThread[2]: Sending to client: Payload[ROOM_LEAVE] Client Id [3] Message: [null] ClientName: [Johnathan][0m
07/06/2025 14:19:41 [Project.Server.ServerThread] ([32mINFO[0m):
> [0;36mThread[2]: Sending to client: Payload[MESSAGE] Client Id [3] Message: [Room[lobby] Johnathan#3 left the room][0m
07/06/2025 14:19:41 [Project.Server.ServerThread] ([32mINFO[0m):
> [0;36mThread[3]: Sending to client: Payload[ROOM_LEAVE] Client Id [3] Message: [null] ClientName: [Johnathan][0m
07/06/2025 14:19:41 [Project.Server.ServerThread] ([32mINFO[0m):
> [0;36mThread[3]: Sending to client: Payload[MESSAGE] Client Id [3] Message: [Room[lobby] You left the room][0m
07/06/2025 14:19:41 [Project.Server.ServerThread] ([32mINFO[0m):
> [0;36mThread[3]: Sending to client: Payload[ROOM_JOIN] Client Id [-1] Message: [null] ClientName: [null][0m
07/06/2025 14:19:41 [Project.Server.ServerThread] ([32mINFO[0m):
> [0;36mThread[3]: Sending to client: Payload[ROOM_JOIN] Client Id [3] Message: [null] ClientName: [Johnathan][0m
07/06/2025 14:19:41 [Project.Server.ServerThread] ([32mINFO[0m):
> [0;36mThread[3]: Sending to client: Payload[MESSAGE] Client Id [3] Message: [Room[FriendlyFriends] You joined the room][0m
07/06/2025 14:19:50 [Project.Server.ServerThread] ([32mINFO[0m):
> [0;36mThread[2]: Received from my client: Payload[ROOM_JOIN] Client Id [0] Message: [Friendlyfriends][0m
07/06/2025 14:19:50 [Project.Server.Server] ([32mINFO[0m):
> [0;33mServer: Removing client from previous Room lobby[0m
07/06/2025 14:19:50 [Project.Server.ServerThread] ([32mINFO[0m):
> [0;36mThread[1]: Sending to client: Payload[ROOM_LEAVE] Client Id [2] Message: [null] ClientName: [Robert][0m
07/06/2025 14:19:50 [Project.Server.ServerThread] ([32mINFO[0m):
> [0;36mThread[1]: Sending to client: Payload[MESSAGE] Client Id [2] Message: [Room[lobby] Robert#2 left the room][0m
07/06/2025 14:19:50 [Project.Server.ServerThread] ([32mINFO[0m):
> [0;36mThread[2]: Sending to client: Payload[ROOM_LEAVE] Client Id [2] Message: [null] ClientName: [Robert][0m
07/06/2025 14:19:50 [Project.Server.ServerThread] ([32mINFO[0m):
> [0;36mThread[2]: Sending to client: Payload[MESSAGE] Client Id [2] Message: [Room[lobby] You left the room][0m
07/06/2025 14:19:50 [Project.Server.ServerThread] ([32mINFO[0m):
> [0;36mThread[2]: Sending to client: Payload[ROOM_JOIN] Client Id [-1] Message: [null] ClientName: [null][0m
07/06/2025 14:19:50 [Project.Server.ServerThread] ([32mINFO[0m):
> [0;36mThread[2]: Sending to client: Payload[SYNC_CLIENT] Client Id [3] Message: [null] ClientName: [Johnathan][0m
07/06/2025 14:19:50 [Project.Server.ServerThread] ([32mINFO[0m):
> [0;36mThread[2]: Sending to client: Payload[ROOM_JOIN] Client Id [2] Message: [null] ClientName: [Robert][0m
07/06/2025 14:19:50 [Project.Server.ServerThread] ([32mINFO[0m):
> [0;36mThread[2]: Sending to client: Payload[MESSAGE] Client Id [2] Message: [Room[FriendlyFriends] You joined the room][0m
07/06/2025 14:19:50 [Project.Server.ServerThread] ([32mINFO[0m):
> [0;36mThread[3]: Sending to client: Payload[ROOM_JOIN] Client Id [2] Message: [null] ClientName: [Robert][0m
07/06/2025 14:19:50 [Project.Server.ServerThread] ([32mINFO[0m):
> [0;36mThread[3]: Sending to client: Payload[MESSAGE] Client Id [2] Message: [Room[FriendlyFriends] Robert#2 joined the room][0m
07/06/2025 14:20:03 [Project.Server.ServerThread] ([32mINFO[0m):
> [0;36mThread[3]: Received from my client: Payload[ROOM_LIST] Client Id [0] Message: [][0m
07/06/2025 14:20:03 [Project.Server.ServerThread] ([32mINFO[0m):
> [0;36mThread[3]: Sending to client: Payload[ROOM_LIST] Client Id [0] Message: [null]Rooms [FriendlyFriends,lobby][0m
07/06/2025 14:20:20 [Project.Server.ServerThread] ([32mINFO[0m):
> [0;36mThread[2]: Received from my client: Payload[ROOM_LIST] Client Id [0] Message: [][0m
07/06/2025 14:20:20 [Project.Server.ServerThread] ([32mINFO[0m):
> [0;36mThread[2]: Sending to client: Payload[ROOM_LIST] Client Id [0] Message: [null]Rooms [FriendlyFriends,lobby][0m
07/06/2025 14:30:54 [Project.Server.ServerThread] ([32mINFO[0m):
> [0;36mThread[1]: Received from my client: Payload[ROOM_LIST] Client Id [0] Message: [][0m
07/06/2025 14:30:54 [Project.Server.ServerThread] ([32mINFO[0m):
> [0;36mThread[1]: Sending to client: Payload[ROOM_LIST] Client Id [0] Message: [null]Rooms [FriendlyFriends,lobby][0m
07/06/2025 14:30:55 [Project.Server.ServerThread] ([32mINFO[0m):
> [0;36mThread[1]: Received from my client: Payload[MESSAGE] Client Id [0] Message: [hello][0m
07/06/2025 14:30:55 [Project.Server.Room] ([32mINFO[0m):
> [0;35mRoom[lobby]: sending message to 1 recipients: Mukaddis#1: hello[0m
07/06/2025 14:30:55 [Project.Server.ServerThread] ([32mINFO[0m):
> [0;36mThread[1]: Sending to client: Payload[MESSAGE] Client Id [1] Message: [Mukaddis#1: hello][0m
07/06/2025 14:31:02 [Project.Server.ServerThread] ([32mINFO[0m):
> [0;36mThread[3]: Received from my client: Payload[MESSAGE] Client Id [0] Message: [hello][0m
07/06/2025 14:31:02 [Project.Server.Room] ([32mINFO[0m):
> [0;35mRoom[FriendlyFriends]: sending message to 2 recipients: Johnathan#3: hello[0m
07/06/2025 14:31:02 [Project.Server.ServerThread] ([32mINFO[0m):
> [0;36mThread[2]: Sending to client: Payload[MESSAGE] Client Id [3] Message: [Johnathan#3: hello][0m
07/06/2025 14:31:02 [Project.Server.ServerThread] ([32mINFO[0m):
> [0;36mThread[3]: Sending to client: Payload[MESSAGE] Client Id [3] Message: [Johnathan#3: hello][0m
07/06/2025 14:32:51 [Project.Server.ServerThread] ([32mINFO[0m):
> [0;36mThread[2]: Received from my client: Payload[MESSAGE] Client Id [0] Message: [How are you Johnathan][0m
07/06/2025 14:32:51 [Project.Server.Room] ([32mINFO[0m):
> [0;35mRoom[FriendlyFriends]: sending message to 2 recipients: Robert#2: How are you Johnathan[0m
07/06/2025 14:32:51 [Project.Server.ServerThread] ([32mINFO[0m):
> [0;36mThread[2]: Sending to client: Payload[MESSAGE] Client Id [2] Message: [Robert#2: How are you Johnathan][0m
07/06/2025 14:32:51 [Project.Server.ServerThread] ([32mINFO[0m):
> [0;36mThread[3]: Sending to client: Payload[MESSAGE] Client Id [2] Message: [Robert#2: How are you Johnathan][0m
07/06/2025 14:32:54 [Project.Server.ServerThread] ([32mINFO[0m):
> [0;36mThread[3]: Received from my client: Payload[MESSAGE] Client Id [0] Message: [I am good][0m
07/06/2025 14:32:54 [Project.Server.Room] ([32mINFO[0m):
> [0;35mRoom[FriendlyFriends]: sending message to 2 recipients: Johnathan#3: I am good[0m
07/06/2025 14:32:54 [Project.Server.ServerThread] ([32mINFO[0m):
> [0;36mThread[2]: Sending to client: Payload[MESSAGE] Client Id [3] Message: [Johnathan#3: I am good][0m
07/06/2025 14:32:54 [Project.Server.ServerThread] ([32mINFO[0m):
> [0;36mThread[3]: Sending to client: Payload[MESSAGE] Client Id [3] Message: [Johnathan#3: I am good][0m
07/06/2025 14:53:21 [Project.Server.ServerThread] ([32mINFO[0m):
> [0;36mThread[1]: Received from my client: Payload[MESSAGE] Client Id [0] Message: [][0m
07/06/2025 14:53:21 [Project.Server.Room] ([32mINFO[0m):
> [0;35mRoom[lobby]: sending message to 1 recipients: Mukaddis#1: [0m
07/06/2025 14:53:21 [Project.Server.ServerThread] ([32mINFO[0m):
> [0;36mThread[1]: Sending to client: Payload[MESSAGE] Client Id [1] Message: [Mukaddis#1: ][0m
07/06/2025 14:53:21 [Project.Server.ServerThread] ([32mINFO[0m):
> [0;36mThread[1]: Received from my client: Payload[MESSAGE] Client Id [0] Message: [][0m
07/06/2025 14:53:21 [Project.Server.Room] ([32mINFO[0m):
> [0;35mRoom[lobby]: sending message to 1 recipients: Mukaddis#1: [0m
07/06/2025 14:53:21 [Project.Server.ServerThread] ([32mINFO[0m):
> [0;36mThread[1]: Sending to client: Payload[MESSAGE] Client Id [1] Message: [Mukaddis#1: ][0m
07/06/2025 14:53:28 [Project.Server.ServerThread] ([32mINFO[0m):
> [0;36mThread[1]: Received from my client: Payload[DISCONNECT] Client Id [0] Message: [null][0m
07/06/2025 14:53:28 [Project.Server.Room] ([32mINFO[0m):
> [0;35mRoom[lobby]: sending message to 0 recipients: Room[lobby]: Mukaddis#1 disconnected[0m
07/06/2025 14:53:28 [Project.Server.ServerThread] ([32mINFO[0m):
> [0;36mThread[1]: Thread being disconnected by server[0m
07/06/2025 14:53:28 [Project.Server.ServerThread] ([32mINFO[0m):
> [0;36mThread[1]: ServerThread cleanup() start[0m
07/06/2025 14:53:28 [Project.Server.ServerThread] ([32mINFO[0m):
> [0;36mThread[-1]: Closed Server-side Socket[0m
07/06/2025 14:53:28 [Project.Server.ServerThread] ([32mINFO[0m):
> [0;36mThread[-1]: ServerThread cleanup() end[0m
07/06/2025 14:53:28 [Project.Server.ServerThread] ([32mINFO[0m):
> [0;36mThread[-1]: Exited thread loop. Cleaning up connection[0m
07/06/2025 14:53:28 [Project.Server.ServerThread] ([32mINFO[0m):
> [0;36mThread[-1]: ServerThread cleanup() start[0m
07/06/2025 14:53:28 [Project.Server.ServerThread] ([32mINFO[0m):
> [0;36mThread[-1]: Closed Server-side Socket[0m
07/06/2025 14:53:28 [Project.Server.ServerThread] ([32mINFO[0m):
> [0;36mThread[-1]: ServerThread cleanup() end[0m
07/06/2025 14:56:22 [Project.Server.ServerThread] ([32mINFO[0m):
> [0;36mThread[3]: Received from my client: Payload[MESSAGE] Client Id [0] Message: [][0m
07/06/2025 14:56:22 [Project.Server.Room] ([32mINFO[0m):
> [0;35mRoom[FriendlyFriends]: sending message to 2 recipients: Johnathan#3: [0m
07/06/2025 14:56:22 [Project.Server.ServerThread] ([32mINFO[0m):
> [0;36mThread[2]: Sending to client: Payload[MESSAGE] Client Id [3] Message: [Johnathan#3: ][0m
07/06/2025 14:56:22 [Project.Server.ServerThread] ([32mINFO[0m):
> [0;36mThread[3]: Sending to client: Payload[MESSAGE] Client Id [3] Message: [Johnathan#3: ][0m
07/06/2025 14:56:22 [Project.Server.ServerThread] ([32mINFO[0m):
> [0;36mThread[3]: Received from my client: Payload[MESSAGE] Client Id [0] Message: [][0m
07/06/2025 14:56:22 [Project.Server.Room] ([32mINFO[0m):
> [0;35mRoom[FriendlyFriends]: sending message to 2 recipients: Johnathan#3: [0m
07/06/2025 14:56:22 [Project.Server.ServerThread] ([32mINFO[0m):
> [0;36mThread[2]: Sending to client: Payload[MESSAGE] Client Id [3] Message: [Johnathan#3: ][0m
07/06/2025 14:56:22 [Project.Server.ServerThread] ([32mINFO[0m):
> [0;36mThread[3]: Sending to client: Payload[MESSAGE] Client Id [3] Message: [Johnathan#3: ][0m
07/06/2025 14:56:27 [Project.Server.ServerThread] ([32mINFO[0m):
> [0;36mThread[3]: Received from my client: Payload[MESSAGE] Client Id [0] Message: [hello][0m
07/06/2025 14:56:27 [Project.Server.Room] ([32mINFO[0m):
> [0;35mRoom[FriendlyFriends]: sending message to 2 recipients: Johnathan#3: hello[0m
07/06/2025 14:56:27 [Project.Server.ServerThread] ([32mINFO[0m):
> [0;36mThread[2]: Sending to client: Payload[MESSAGE] Client Id [3] Message: [Johnathan#3: hello][0m
07/06/2025 14:56:27 [Project.Server.ServerThread] ([32mINFO[0m):
> [0;36mThread[3]: Sending to client: Payload[MESSAGE] Client Id [3] Message: [Johnathan#3: hello][0m
07/06/2025 14:57:29 [Project.Server.Server] ([32mINFO[0m):
> Server Starting
07/06/2025 14:57:29 [Project.Server.Server] ([32mINFO[0m):
> [0;33mServer: Listening on port 3000[0m
07/06/2025 14:57:29 [Project.Server.Room] ([32mINFO[0m):
> [0;35mRoom[lobby]: Created[0m
07/06/2025 14:57:29 [Project.Server.Server] ([32mINFO[0m):
> [0;33mServer: Created new Room lobby[0m
07/06/2025 14:57:29 [Project.Server.Server] ([32mINFO[0m):
> [0;33mServer: Waiting for next client[0m
07/06/2025 15:05:12 [Project.Server.Server] ([32mINFO[0m):
> Server Starting
07/06/2025 15:05:12 [Project.Server.Server] ([32mINFO[0m):
> [0;33mServer: Listening on port 3000[0m
07/06/2025 15:05:12 [Project.Server.Room] ([32mINFO[0m):
> [0;35mRoom[lobby]: Created[0m
07/06/2025 15:05:12 [Project.Server.Server] ([32mINFO[0m):
> [0;33mServer: Created new Room lobby[0m
07/06/2025 15:05:12 [Project.Server.Server] ([32mINFO[0m):
> [0;33mServer: Waiting for next client[0m
07/06/2025 15:05:24 [Project.Server.Server] ([32mINFO[0m):
> [0;33mServer: Client connected[0m
07/06/2025 15:05:24 [Project.Server.ServerThread] ([32mINFO[0m):
> [0;36mThread[-1]: ServerThread created[0m
07/06/2025 15:05:24 [Project.Server.Server] ([32mINFO[0m):
> [0;33mServer: Waiting for next client[0m
07/06/2025 15:05:24 [Project.Server.ServerThread] ([32mINFO[0m):
> [0;36mThread[-1]: Thread starting[0m
07/06/2025 15:05:24 [Project.Server.ServerThread] ([32mINFO[0m):
> [0;36mThread[-1]: Received from my client: Payload[CLIENT_CONNECT] Client Id [0] Message: [null] ClientName: [Mukaddis][0m
07/06/2025 15:05:24 [Project.Server.ServerThread] ([32mINFO[0m):
> [0;36mThread[1]: Sending to client: Payload[CLIENT_ID] Client Id [1] Message: [null] ClientName: [Mukaddis][0m
07/06/2025 15:05:24 [Project.Server.Server] ([32mINFO[0m):
> [0;33mServer: *Mukaddis#1 initialized*[0m
07/06/2025 15:05:24 [Project.Server.ServerThread] ([32mINFO[0m):
> [0;36mThread[1]: Sending to client: Payload[ROOM_JOIN] Client Id [-1] Message: [null] ClientName: [null][0m
07/06/2025 15:05:24 [Project.Server.ServerThread] ([32mINFO[0m):
> [0;36mThread[1]: Sending to client: Payload[ROOM_JOIN] Client Id [1] Message: [null] ClientName: [Mukaddis][0m
07/06/2025 15:05:24 [Project.Server.ServerThread] ([32mINFO[0m):
> [0;36mThread[1]: Sending to client: Payload[MESSAGE] Client Id [1] Message: [Room[lobby] You joined the room][0m
07/06/2025 15:05:24 [Project.Server.Server] ([32mINFO[0m):
> [0;33mServer: *Mukaddis#1 added to Lobby*[0m
07/06/2025 15:05:36 [Project.Server.Server] ([32mINFO[0m):
> Server Starting
07/06/2025 15:05:36 [Project.Server.Server] ([32mINFO[0m):
> [0;33mServer: Listening on port 3000[0m
07/06/2025 15:05:36 [Project.Server.Room] ([32mINFO[0m):
> [0;35mRoom[lobby]: Created[0m
07/06/2025 15:05:36 [Project.Server.Server] ([32mINFO[0m):
> [0;33mServer: Created new Room lobby[0m
07/06/2025 15:05:36 [Project.Server.Server] ([32mINFO[0m):
> [0;33mServer: Waiting for next client[0m
07/06/2025 15:05:36 [Project.Server.Server] ([32mINFO[0m):
> [0;33mServer: Client connected[0m
07/06/2025 15:05:36 [Project.Server.ServerThread] ([32mINFO[0m):
> [0;36mThread[-1]: ServerThread created[0m
07/06/2025 15:05:36 [Project.Server.Server] ([32mINFO[0m):
> [0;33mServer: Waiting for next client[0m
07/06/2025 15:05:36 [Project.Server.ServerThread] ([32mINFO[0m):
> [0;36mThread[-1]: Thread starting[0m
07/06/2025 15:05:36 [Project.Server.ServerThread] ([32mINFO[0m):
> [0;36mThread[-1]: Received from my client: Payload[CLIENT_CONNECT] Client Id [0] Message: [null] ClientName: [Mukaddis][0m
07/06/2025 15:05:36 [Project.Server.ServerThread] ([32mINFO[0m):
> [0;36mThread[1]: Sending to client: Payload[CLIENT_ID] Client Id [1] Message: [null] ClientName: [Mukaddis][0m
07/06/2025 15:05:36 [Project.Server.Server] ([32mINFO[0m):
> [0;33mServer: *Mukaddis#1 initialized*[0m
07/06/2025 15:05:36 [Project.Server.ServerThread] ([32mINFO[0m):
> [0;36mThread[1]: Sending to client: Payload[ROOM_JOIN] Client Id [-1] Message: [null] ClientName: [null][0m
07/06/2025 15:05:36 [Project.Server.ServerThread] ([32mINFO[0m):
> [0;36mThread[1]: Sending to client: Payload[ROOM_JOIN] Client Id [1] Message: [null] ClientName: [Mukaddis][0m
07/06/2025 15:05:36 [Project.Server.ServerThread] ([32mINFO[0m):
> [0;36mThread[1]: Sending to client: Payload[MESSAGE] Client Id [1] Message: [Room[lobby] You joined the room][0m
07/06/2025 15:05:36 [Project.Server.Server] ([32mINFO[0m):
> [0;33mServer: *Mukaddis#1 added to Lobby*[0m
07/06/2025 15:05:55 [Project.Server.Server] ([32mINFO[0m):
> Server Starting
07/06/2025 15:05:55 [Project.Server.Server] ([32mINFO[0m):
> [0;33mServer: Listening on port 3000[0m
07/06/2025 15:05:55 [Project.Server.Room] ([32mINFO[0m):
> [0;35mRoom[lobby]: Created[0m
07/06/2025 15:05:55 [Project.Server.Server] ([32mINFO[0m):
> [0;33mServer: Created new Room lobby[0m
07/06/2025 15:05:55 [Project.Server.Server] ([32mINFO[0m):
> [0;33mServer: Waiting for next client[0m
07/06/2025 15:06:06 [Project.Server.Server] ([32mINFO[0m):
> [0;33mServer: Client connected[0m
07/06/2025 15:06:06 [Project.Server.ServerThread] ([32mINFO[0m):
> [0;36mThread[-1]: ServerThread created[0m
07/06/2025 15:06:06 [Project.Server.Server] ([32mINFO[0m):
> [0;33mServer: Waiting for next client[0m
07/06/2025 15:06:06 [Project.Server.ServerThread] ([32mINFO[0m):
> [0;36mThread[-1]: Thread starting[0m
07/06/2025 15:06:07 [Project.Server.ServerThread] ([32mINFO[0m):
> [0;36mThread[-1]: Received from my client: Payload[CLIENT_CONNECT] Client Id [0] Message: [null] ClientName: [Mukaddis][0m
07/06/2025 15:06:07 [Project.Server.ServerThread] ([32mINFO[0m):
> [0;36mThread[1]: Sending to client: Payload[CLIENT_ID] Client Id [1] Message: [null] ClientName: [Mukaddis][0m
07/06/2025 15:06:07 [Project.Server.Server] ([32mINFO[0m):
> [0;33mServer: *Mukaddis#1 initialized*[0m
07/06/2025 15:06:07 [Project.Server.ServerThread] ([32mINFO[0m):
> [0;36mThread[1]: Sending to client: Payload[ROOM_JOIN] Client Id [-1] Message: [null] ClientName: [null][0m
07/06/2025 15:06:07 [Project.Server.ServerThread] ([32mINFO[0m):
> [0;36mThread[1]: Sending to client: Payload[ROOM_JOIN] Client Id [1] Message: [null] ClientName: [Mukaddis][0m
07/06/2025 15:06:07 [Project.Server.ServerThread] ([32mINFO[0m):
> [0;36mThread[1]: Sending to client: Payload[MESSAGE] Client Id [1] Message: [Room[lobby] You joined the room][0m
07/06/2025 15:06:07 [Project.Server.Server] ([32mINFO[0m):
> [0;33mServer: *Mukaddis#1 added to Lobby*[0m
07/06/2025 15:06:09 [Project.Server.ServerThread] ([32mINFO[0m):
> [0;36mThread[1]: Received from my client: Payload[MESSAGE] Client Id [0] Message: [hi][0m
07/06/2025 15:06:09 [Project.Server.Room] ([32mINFO[0m):
> [0;35mRoom[lobby]: sending message to 1 recipients: Mukaddis#1: hi[0m
07/06/2025 15:06:09 [Project.Server.ServerThread] ([32mINFO[0m):
> [0;36mThread[1]: Sending to client: Payload[MESSAGE] Client Id [1] Message: [Mukaddis#1: hi][0m
07/06/2025 15:06:29 [Project.Server.Server] ([32mINFO[0m):
> Server Starting
07/06/2025 15:06:29 [Project.Server.Server] ([32mINFO[0m):
> [0;33mServer: Listening on port 3000[0m
07/06/2025 15:06:29 [Project.Server.Room] ([32mINFO[0m):
> [0;35mRoom[lobby]: Created[0m
07/06/2025 15:06:29 [Project.Server.Server] ([32mINFO[0m):
> [0;33mServer: Created new Room lobby[0m
07/06/2025 15:06:29 [Project.Server.Server] ([32mINFO[0m):
> [0;33mServer: Waiting for next client[0m
07/06/2025 15:06:31 [Project.Server.Server] ([32mINFO[0m):
> [0;33mServer: Client connected[0m
07/06/2025 15:06:31 [Project.Server.ServerThread] ([32mINFO[0m):
> [0;36mThread[-1]: ServerThread created[0m
07/06/2025 15:06:31 [Project.Server.Server] ([32mINFO[0m):
> [0;33mServer: Waiting for next client[0m
07/06/2025 15:06:31 [Project.Server.ServerThread] ([32mINFO[0m):
> [0;36mThread[-1]: Thread starting[0m
07/06/2025 15:06:31 [Project.Server.ServerThread] ([32mINFO[0m):
> [0;36mThread[-1]: Received from my client: Payload[CLIENT_CONNECT] Client Id [0] Message: [null] ClientName: [Mukaddis][0m
07/06/2025 15:06:31 [Project.Server.ServerThread] ([32mINFO[0m):
> [0;36mThread[1]: Sending to client: Payload[CLIENT_ID] Client Id [1] Message: [null] ClientName: [Mukaddis][0m
07/06/2025 15:06:31 [Project.Server.Server] ([32mINFO[0m):
> [0;33mServer: *Mukaddis#1 initialized*[0m
07/06/2025 15:06:31 [Project.Server.ServerThread] ([32mINFO[0m):
> [0;36mThread[1]: Sending to client: Payload[ROOM_JOIN] Client Id [-1] Message: [null] ClientName: [null][0m
07/06/2025 15:06:31 [Project.Server.ServerThread] ([32mINFO[0m):
> [0;36mThread[1]: Sending to client: Payload[ROOM_JOIN] Client Id [1] Message: [null] ClientName: [Mukaddis][0m
07/06/2025 15:06:31 [Project.Server.ServerThread] ([32mINFO[0m):
> [0;36mThread[1]: Sending to client: Payload[MESSAGE] Client Id [1] Message: [Room[lobby] You joined the room][0m
07/06/2025 15:06:31 [Project.Server.Server] ([32mINFO[0m):
> [0;33mServer: *Mukaddis#1 added to Lobby*[0m
07/06/2025 15:19:17 [Project.Server.ServerThread] ([32mINFO[0m):
> [0;36mThread[1]: IO exception while reading from client[0m
07/06/2025 15:19:17 [Project.Server.Room] ([32mINFO[0m):
> [0;35mRoom[lobby]: sending message to 0 recipients: Room[lobby]: Mukaddis#1 disconnected[0m
07/06/2025 15:19:17 [Project.Server.ServerThread] ([32mINFO[0m):
> [0;36mThread[1]: Thread being disconnected by server[0m
07/06/2025 15:19:17 [Project.Server.ServerThread] ([32mINFO[0m):
> [0;36mThread[1]: ServerThread cleanup() start[0m
07/06/2025 15:19:17 [Project.Server.ServerThread] ([32mINFO[0m):
> [0;36mThread[-1]: Closed Server-side Socket[0m
07/06/2025 15:19:17 [Project.Server.ServerThread] ([32mINFO[0m):
> [0;36mThread[-1]: ServerThread cleanup() end[0m
07/06/2025 15:19:17 [Project.Server.ServerThread] ([32mINFO[0m):
> [0;36mThread[-1]: Exited thread loop. Cleaning up connection[0m
07/06/2025 15:19:17 [Project.Server.ServerThread] ([32mINFO[0m):
> [0;36mThread[-1]: ServerThread cleanup() start[0m
07/06/2025 15:19:17 [Project.Server.ServerThread] ([32mINFO[0m):
> [0;36mThread[-1]: Closed Server-side Socket[0m
07/06/2025 15:19:17 [Project.Server.ServerThread] ([32mINFO[0m):
> [0;36mThread[-1]: ServerThread cleanup() end[0m
